22:20:52 INFO  : Registering command handlers for SDK TCF services
22:20:54 INFO  : Launching XSCT server: xsct.bat -interactive D:\Programlar\Vivado\VivadoProjects\TimerProj\TimerProj.sdk\temp_xsdb_launch_script.tcl
22:20:58 INFO  : XSCT server has started successfully.
22:20:58 INFO  : Successfully done setting XSCT server connection channel  
22:21:01 INFO  : Successfully done setting SDK workspace  
22:21:01 INFO  : Processing command line option -hwspec D:/Programlar/Vivado/VivadoProjects/TimerProj/TimerProj.sdk/timerproj_wrapper.hdf.
22:26:34 INFO  : Example project TimerProj_bsp_xtmrctr_polled_example_1 has been created successfully.
22:32:07 INFO  : Connected to target on host '127.0.0.1' and port '3121'.
22:32:10 INFO  : 'targets -set -filter {jtag_cable_name =~ "Digilent Zybo Z7 210351A81A96A" && level==0} -index 1' command is executed.
22:32:11 INFO  : FPGA configured successfully with bitstream "D:/Programlar/Vivado/VivadoProjects/TimerProj/TimerProj.sdk/timerproj_wrapper_hw_platform_0/timerproj_wrapper.bit"
22:32:21 INFO  : 'targets -set -filter {jtag_cable_name =~ "Digilent Zybo Z7 210351A81A96A" && level==0} -index 1' command is executed.
22:32:21 INFO  : 'fpga -state' command is executed.
22:32:21 INFO  : Connected to target on host '127.0.0.1' and port '3121'.
22:32:22 INFO  : Jtag cable 'Digilent Zybo Z7 210351A81A96A' is selected.
22:32:22 INFO  : 'jtag frequency' command is executed.
22:32:22 INFO  : Sourcing of 'D:/Programlar/Vivado/VivadoProjects/TimerProj/TimerProj.sdk/timerproj_wrapper_hw_platform_0/ps7_init.tcl' is done.
22:32:22 INFO  : Context for 'APU' is selected.
22:32:22 INFO  : Hardware design information is loaded from 'D:/Programlar/Vivado/VivadoProjects/TimerProj/TimerProj.sdk/timerproj_wrapper_hw_platform_0/system.hdf'.
22:32:22 INFO  : 'configparams force-mem-access 1' command is executed.
22:32:22 INFO  : Context for 'APU' is selected.
22:32:22 INFO  : 'stop' command is executed.
22:32:22 INFO  : 'ps7_init' command is executed.
22:32:22 INFO  : 'ps7_post_config' command is executed.
22:32:22 INFO  : Context for processor 'ps7_cortexa9_0' is selected.
22:32:22 INFO  : Processor reset is completed for 'ps7_cortexa9_0'.
22:32:22 INFO  : Context for processor 'ps7_cortexa9_0' is selected.
22:32:22 INFO  : The application 'D:/Programlar/Vivado/VivadoProjects/TimerProj/TimerProj.sdk/TimerProj/Debug/TimerProj.elf' is downloaded to processor 'ps7_cortexa9_0'.
22:32:22 INFO  : 'configparams force-mem-access 0' command is executed.
22:32:22 INFO  : ----------------XSDB Script----------------
connect -url tcp:127.0.0.1:3121
source D:/Programlar/Vivado/VivadoProjects/TimerProj/TimerProj.sdk/timerproj_wrapper_hw_platform_0/ps7_init.tcl
targets -set -nocase -filter {name =~"APU*" && jtag_cable_name =~ "Digilent Zybo Z7 210351A81A96A"} -index 0
loadhw -hw D:/Programlar/Vivado/VivadoProjects/TimerProj/TimerProj.sdk/timerproj_wrapper_hw_platform_0/system.hdf -mem-ranges [list {0x40000000 0xbfffffff}]
configparams force-mem-access 1
targets -set -nocase -filter {name =~"APU*" && jtag_cable_name =~ "Digilent Zybo Z7 210351A81A96A"} -index 0
stop
ps7_init
ps7_post_config
targets -set -nocase -filter {name =~ "ARM*#0" && jtag_cable_name =~ "Digilent Zybo Z7 210351A81A96A"} -index 0
rst -processor
targets -set -nocase -filter {name =~ "ARM*#0" && jtag_cable_name =~ "Digilent Zybo Z7 210351A81A96A"} -index 0
dow D:/Programlar/Vivado/VivadoProjects/TimerProj/TimerProj.sdk/TimerProj/Debug/TimerProj.elf
configparams force-mem-access 0
----------------End of Script----------------

22:32:22 INFO  : Memory regions updated for context APU
22:32:22 INFO  : Context for processor 'ps7_cortexa9_0' is selected.
22:32:22 INFO  : 'con' command is executed.
22:32:22 INFO  : ----------------XSDB Script (After Launch)----------------
targets -set -nocase -filter {name =~ "ARM*#0" && jtag_cable_name =~ "Digilent Zybo Z7 210351A81A96A"} -index 0
con
----------------End of Script----------------

22:32:22 INFO  : Launch script is exported to file 'D:\Programlar\Vivado\VivadoProjects\TimerProj\TimerProj.sdk\.sdk\launch_scripts\xilinx_c-c++_application_(system_debugger)\system_debugger_using_debug_timerproj.elf_on_local.tcl'
22:33:02 INFO  : Disconnected from the channel tcfchan#1.
